-------------------------------------------------------------------------------
Test set: TestSuite
-------------------------------------------------------------------------------
Tests run: 6, Failures: 1, Errors: 0, Skipped: 2, Time elapsed: 3.151 sec <<< FAILURE!
beforeTestMethod(com.mymoney.persistence.PersistentStateTransitionsTest)  Time elapsed: 0 sec  <<< FAILURE!
org.dbunit.dataset.NoSuchTableException: ACCOUNT
	at org.dbunit.database.DatabaseDataSet.getTableMetaData(DatabaseDataSet.java:192)
	at org.dbunit.operation.DeleteAllOperation.execute(DeleteAllOperation.java:98)
	at org.dbunit.operation.CompositeOperation.execute(CompositeOperation.java:67)
	at com.mymoney.persistence.HibernateIntegrationTest.beforeTestMethod(HibernateIntegrationTest.java:63)
	at sun.reflect.NativeMethodAccessorImpl.invoke0(Native Method)
	at sun.reflect.NativeMethodAccessorImpl.invoke(NativeMethodAccessorImpl.java:57)
	at sun.reflect.DelegatingMethodAccessorImpl.invoke(DelegatingMethodAccessorImpl.java:43)
	at java.lang.reflect.Method.invoke(Method.java:601)
	at org.testng.internal.MethodHelper.invokeMethod(MethodHelper.java:552)
	at org.testng.internal.Invoker.invokeConfigurationMethod(Invoker.java:322)
	at org.testng.internal.Invoker.invokeConfigurations(Invoker.java:156)
	at org.testng.internal.Invoker.invokeMethod(Invoker.java:365)
	at org.testng.internal.Invoker.invokeTestMethods(Invoker.java:785)
	at org.testng.internal.TestMethodWorker.run(TestMethodWorker.java:114)
	at org.testng.TestRunner.privateRun(TestRunner.java:693)
	at org.testng.TestRunner.run(TestRunner.java:574)
	at org.testng.SuiteRunner.privateRun(SuiteRunner.java:241)
	at org.testng.SuiteRunner.run(SuiteRunner.java:145)
	at org.testng.TestNG.createAndRunSuiteRunners(TestNG.java:901)
	at org.testng.TestNG.runSuitesLocally(TestNG.java:863)
	at org.testng.TestNG.run(TestNG.java:613)
	at org.apache.maven.surefire.testng.TestNGExecutor.run(TestNGExecutor.java:70)
	at org.apache.maven.surefire.testng.TestNGDirectoryTestSuite.executeMulti(TestNGDirectoryTestSuite.java:158)
	at org.apache.maven.surefire.testng.TestNGDirectoryTestSuite.execute(TestNGDirectoryTestSuite.java:98)
	at org.apache.maven.surefire.testng.TestNGProvider.invoke(TestNGProvider.java:111)
	at sun.reflect.NativeMethodAccessorImpl.invoke0(Native Method)
	at sun.reflect.NativeMethodAccessorImpl.invoke(NativeMethodAccessorImpl.java:57)
	at sun.reflect.DelegatingMethodAccessorImpl.invoke(DelegatingMethodAccessorImpl.java:43)
	at java.lang.reflect.Method.invoke(Method.java:601)
	at org.apache.maven.surefire.util.ReflectionUtils.invokeMethodWithArray(ReflectionUtils.java:164)
	at org.apache.maven.surefire.booter.ProviderFactory$ProviderProxy.invoke(ProviderFactory.java:110)
	at org.apache.maven.surefire.booter.SurefireStarter.invokeProvider(SurefireStarter.java:175)
	at org.apache.maven.surefire.booter.SurefireStarter.runSuitesInProcessWhenForked(SurefireStarter.java:107)
	at org.apache.maven.surefire.booter.ForkedBooter.main(ForkedBooter.java:68)
